<?xml version="1.0" encoding="UTF-8"?>
<!-- Generated by org.testng.reporters.JUnitReportReporter -->
<testsuite hostname="Gangadaran" failures="0" tests="1" name="tests.rest.Salesforce_GenerateTokenAndCreateLeadAndGetDeatails" time="3.117" errors="0" timestamp="2023-08-20T17:50:28 IST" skipped="0">
  <testcase classname="tests.rest.Salesforce_GenerateTokenAndCreateLeadAndGetDeatails" name="createIncident" time="3.117"/>
</testsuite> <!-- tests.rest.Salesforce_GenerateTokenAndCreateLeadAndGetDeatails -->
