<?xml version="1.0" encoding="UTF-8"?>
<!-- Generated by org.testng.reporters.JUnitReportReporter -->
<testsuite hostname="Gangadaran" failures="0" tests="1" name="tests.rest.CreateLead" time="4.199" errors="0" timestamp="2023-08-20T18:14:49 IST" skipped="0">
  <testcase classname="tests.rest.CreateLead" name="createIncident" time="4.199"/>
</testsuite> <!-- tests.rest.CreateLead -->
