<?xml version="1.0" encoding="UTF-8"?>
<!-- Generated by org.testng.reporters.JUnitReportReporter -->
<testsuite hostname="Gangadaran" failures="0" tests="1" name="tests.rest.GetDetails" time="5.164" errors="0" timestamp="2023-08-20T18:26:33 IST" skipped="0">
  <testcase classname="tests.rest.GetDetails" name="createIncident" time="5.164"/>
</testsuite> <!-- tests.rest.GetDetails -->
